<?xml version="1.0" encoding="UTF-8"?>
<testng-results ignored="0" total="10" passed="9" failed="1" skipped="0">
  <reporter-output>
  </reporter-output>
  <suite started-at="2022-05-07T05:56:31Z" name="Suite" finished-at="2022-05-07T05:58:03Z" duration-ms="92031">
    <groups>
    </groups>
    <test started-at="2022-05-07T05:56:31Z" name="Test1" finished-at="2022-05-07T05:58:03Z" duration-ms="92031">
      <class name="FirstTest">
        <test-method signature="AddToCart()[pri:0, instance:FirstTest@4f4c4b1a]" started-at="2022-05-07T05:56:31Z" name="AddToCart" finished-at="2022-05-07T05:56:40Z" duration-ms="8660" status="PASS">
          <reporter-output>
          </reporter-output>
        </test-method> <!-- AddToCart -->
        <test-method signature="Adminlogin()[pri:0, instance:FirstTest@4f4c4b1a]" started-at="2022-05-07T05:56:40Z" name="Adminlogin" finished-at="2022-05-07T05:56:48Z" duration-ms="7873" status="PASS">
          <reporter-output>
          </reporter-output>
        </test-method> <!-- Adminlogin -->
        <test-method signature="PlaceOreder()[pri:0, instance:FirstTest@4f4c4b1a]" started-at="2022-05-07T05:56:48Z" name="PlaceOreder" finished-at="2022-05-07T05:57:15Z" duration-ms="26901" status="FAIL">
          <exception class="org.openqa.selenium.NoSuchElementException">
            <message>
              <![CDATA[no such element: Unable to locate element: {"method":"xpath","selector":"//button[@name='button5']"}
  (Session info: chrome=101.0.4951.54)
For documentation on this error, please visit: https://www.seleniumhq.org/exceptions/no_such_element.html
Build info: version: '3.141.59', revision: 'e82be7d358', time: '2018-11-14T08:17:03'
System info: host: 'PSPLHYLTDL0066', ip: '192.168.1.6', os.name: 'Windows 11', os.arch: 'amd64', os.version: '10.0', java.version: '11.0.14.1'
Driver info: org.openqa.selenium.chrome.ChromeDriver
Capabilities {acceptInsecureCerts: false, browserName: chrome, browserVersion: 101.0.4951.54, chrome: {chromedriverVersion: 100.0.4896.60 (6a5d10861ce8..., userDataDir: C:\Users\MANISH~1\AppData\L...}, goog:chromeOptions: {debuggerAddress: localhost:61380}, javascriptEnabled: true, networkConnectionEnabled: false, pageLoadStrategy: normal, platform: WINDOWS, platformName: WINDOWS, proxy: Proxy(), setWindowRect: true, strictFileInteractability: false, timeouts: {implicit: 0, pageLoad: 300000, script: 30000}, unhandledPromptBehavior: dismiss and notify, webauthn:extension:credBlob: true, webauthn:extension:largeBlob: true, webauthn:virtualAuthenticators: true}
Session ID: 01ab8ca3efcd5da7e7af02a20793737c
*** Element info: {Using=xpath, value=//button[@name='button5']}]]>
            </message>
            <full-stacktrace>
              <![CDATA[org.openqa.selenium.NoSuchElementException: no such element: Unable to locate element: {"method":"xpath","selector":"//button[@name='button5']"}
  (Session info: chrome=101.0.4951.54)
For documentation on this error, please visit: https://www.seleniumhq.org/exceptions/no_such_element.html
Build info: version: '3.141.59', revision: 'e82be7d358', time: '2018-11-14T08:17:03'
System info: host: 'PSPLHYLTDL0066', ip: '192.168.1.6', os.name: 'Windows 11', os.arch: 'amd64', os.version: '10.0', java.version: '11.0.14.1'
Driver info: org.openqa.selenium.chrome.ChromeDriver
Capabilities {acceptInsecureCerts: false, browserName: chrome, browserVersion: 101.0.4951.54, chrome: {chromedriverVersion: 100.0.4896.60 (6a5d10861ce8..., userDataDir: C:\Users\MANISH~1\AppData\L...}, goog:chromeOptions: {debuggerAddress: localhost:61380}, javascriptEnabled: true, networkConnectionEnabled: false, pageLoadStrategy: normal, platform: WINDOWS, platformName: WINDOWS, proxy: Proxy(), setWindowRect: true, strictFileInteractability: false, timeouts: {implicit: 0, pageLoad: 300000, script: 30000}, unhandledPromptBehavior: dismiss and notify, webauthn:extension:credBlob: true, webauthn:extension:largeBlob: true, webauthn:virtualAuthenticators: true}
Session ID: 01ab8ca3efcd5da7e7af02a20793737c
*** Element info: {Using=xpath, value=//button[@name='button5']}
at java.base/jdk.internal.reflect.NativeConstructorAccessorImpl.newInstance0(Native Method)
at java.base/jdk.internal.reflect.NativeConstructorAccessorImpl.newInstance(NativeConstructorAccessorImpl.java:62)
at java.base/jdk.internal.reflect.DelegatingConstructorAccessorImpl.newInstance(DelegatingConstructorAccessorImpl.java:45)
at java.base/java.lang.reflect.Constructor.newInstance(Constructor.java:490)
at org.openqa.selenium.remote.http.W3CHttpResponseCodec.createException(W3CHttpResponseCodec.java:187)
at org.openqa.selenium.remote.http.W3CHttpResponseCodec.decode(W3CHttpResponseCodec.java:122)
at org.openqa.selenium.remote.http.W3CHttpResponseCodec.decode(W3CHttpResponseCodec.java:49)
at org.openqa.selenium.remote.HttpCommandExecutor.execute(HttpCommandExecutor.java:158)
at org.openqa.selenium.remote.service.DriverCommandExecutor.execute(DriverCommandExecutor.java:83)
at org.openqa.selenium.remote.RemoteWebDriver.execute(RemoteWebDriver.java:552)
at org.openqa.selenium.remote.RemoteWebDriver.findElement(RemoteWebDriver.java:323)
at org.openqa.selenium.remote.RemoteWebDriver.findElementByXPath(RemoteWebDriver.java:428)
at org.openqa.selenium.By$ByXPath.findElement(By.java:353)
at org.openqa.selenium.remote.RemoteWebDriver.findElement(RemoteWebDriver.java:315)
at FirstTest.PlaceOreder(FirstTest.java:150)
at java.base/jdk.internal.reflect.NativeMethodAccessorImpl.invoke0(Native Method)
at java.base/jdk.internal.reflect.NativeMethodAccessorImpl.invoke(NativeMethodAccessorImpl.java:62)
at java.base/jdk.internal.reflect.DelegatingMethodAccessorImpl.invoke(DelegatingMethodAccessorImpl.java:43)
at java.base/java.lang.reflect.Method.invoke(Method.java:566)
at org.testng.internal.MethodInvocationHelper.invokeMethod(MethodInvocationHelper.java:124)
at org.testng.internal.Invoker.invokeMethod(Invoker.java:583)
at org.testng.internal.Invoker.invokeTestMethod(Invoker.java:719)
at org.testng.internal.Invoker.invokeTestMethods(Invoker.java:989)
at org.testng.internal.TestMethodWorker.invokeTestMethods(TestMethodWorker.java:125)
at org.testng.internal.TestMethodWorker.run(TestMethodWorker.java:109)
at org.testng.TestRunner.privateRun(TestRunner.java:648)
at org.testng.TestRunner.run(TestRunner.java:505)
at org.testng.SuiteRunner.runTest(SuiteRunner.java:455)
at org.testng.SuiteRunner.runSequentially(SuiteRunner.java:450)
at org.testng.SuiteRunner.privateRun(SuiteRunner.java:415)
at org.testng.SuiteRunner.run(SuiteRunner.java:364)
at org.testng.SuiteRunnerWorker.runSuite(SuiteRunnerWorker.java:52)
at org.testng.SuiteRunnerWorker.run(SuiteRunnerWorker.java:84)
at org.testng.TestNG.runSuitesSequentially(TestNG.java:1208)
at org.testng.TestNG.runSuitesLocally(TestNG.java:1137)
at org.testng.TestNG.runSuites(TestNG.java:1049)
at org.testng.TestNG.run(TestNG.java:1017)
at org.apache.maven.surefire.testng.TestNGExecutor.run(TestNGExecutor.java:178)
at org.apache.maven.surefire.testng.TestNGXmlTestSuite.execute(TestNGXmlTestSuite.java:92)
at org.apache.maven.surefire.testng.TestNGProvider.invoke(TestNGProvider.java:96)
at java.base/jdk.internal.reflect.NativeMethodAccessorImpl.invoke0(Native Method)
at java.base/jdk.internal.reflect.NativeMethodAccessorImpl.invoke(NativeMethodAccessorImpl.java:62)
at java.base/jdk.internal.reflect.DelegatingMethodAccessorImpl.invoke(DelegatingMethodAccessorImpl.java:43)
at java.base/java.lang.reflect.Method.invoke(Method.java:566)
at org.apache.maven.surefire.util.ReflectionUtils.invokeMethodWithArray(ReflectionUtils.java:189)
at org.apache.maven.surefire.booter.ProviderFactory$ProviderProxy.invoke(ProviderFactory.java:165)
at org.apache.maven.surefire.booter.ProviderFactory.invokeProvider(ProviderFactory.java:85)
at org.apache.maven.surefire.booter.ForkedBooter.runSuitesInProcess(ForkedBooter.java:115)
at org.apache.maven.surefire.booter.ForkedBooter.main(ForkedBooter.java:75)
]]>
            </full-stacktrace>
          </exception> <!-- org.openqa.selenium.NoSuchElementException -->
          <reporter-output>
          </reporter-output>
        </test-method> <!-- PlaceOreder -->
        <test-method signature="clickImage()[pri:0, instance:FirstTest@4f4c4b1a]" started-at="2022-05-07T05:57:15Z" name="clickImage" finished-at="2022-05-07T05:57:21Z" duration-ms="6283" status="PASS">
          <reporter-output>
          </reporter-output>
        </test-method> <!-- clickImage -->
        <test-method signature="login()[pri:0, instance:FirstTest@4f4c4b1a]" started-at="2022-05-07T05:57:21Z" name="login" finished-at="2022-05-07T05:57:28Z" duration-ms="7566" status="PASS">
          <reporter-output>
          </reporter-output>
        </test-method> <!-- login -->
        <test-method signature="outOfStock()[pri:0, instance:FirstTest@4f4c4b1a]" started-at="2022-05-07T05:57:28Z" name="outOfStock" finished-at="2022-05-07T05:57:35Z" duration-ms="6538" status="PASS">
          <reporter-output>
          </reporter-output>
        </test-method> <!-- outOfStock -->
        <test-method signature="priceHighTOLow()[pri:0, instance:FirstTest@4f4c4b1a]" started-at="2022-05-07T05:57:35Z" name="priceHighTOLow" finished-at="2022-05-07T05:57:42Z" duration-ms="6873" status="PASS">
          <reporter-output>
          </reporter-output>
        </test-method> <!-- priceHighTOLow -->
        <test-method signature="priceLOwTOHight()[pri:0, instance:FirstTest@4f4c4b1a]" started-at="2022-05-07T05:57:42Z" name="priceLOwTOHight" finished-at="2022-05-07T05:57:51Z" duration-ms="9526" status="PASS">
          <reporter-output>
          </reporter-output>
        </test-method> <!-- priceLOwTOHight -->
        <test-method signature="searchcamera()[pri:0, instance:FirstTest@4f4c4b1a]" started-at="2022-05-07T05:57:51Z" name="searchcamera" finished-at="2022-05-07T05:57:57Z" duration-ms="5380" status="PASS">
          <reporter-output>
          </reporter-output>
        </test-method> <!-- searchcamera -->
        <test-method signature="sortlaptops()[pri:0, instance:FirstTest@4f4c4b1a]" started-at="2022-05-07T05:57:57Z" name="sortlaptops" finished-at="2022-05-07T05:58:03Z" duration-ms="6396" status="PASS">
          <reporter-output>
          </reporter-output>
        </test-method> <!-- sortlaptops -->
      </class> <!-- FirstTest -->
    </test> <!-- Test1 -->
  </suite> <!-- Suite -->
</testng-results>
